Array
(
    [transaction_subject] => 
    [payment_date] => 08:03:49 May 02, 2018 PDT
    [txn_type] => web_accept
    [last_name] => buyer
    [residence_country] => IN
    [item_name] => Educart course
    [payment_gross] => 60.00
    [mc_currency] => USD
    [business] => sandipamukherjee1990.pro@gmail.com
    [payment_type] => instant
    [protection_eligibility] => Eligible
    [verify_sign] => Aaose356mD-hOFG7cGBTPyJXSUZEAc1VPMSYYrU.3SKc3VRHFQRzddRs
    [payer_status] => verified
    [test_ipn] => 1
    [payer_email] => subrata-buyer@dualcube.com
    [txn_id] => 1XD5698099097705G
    [quantity] => 1
    [receiver_email] => sandipamukherjee1990.pro@gmail.com
    [first_name] => test
    [payer_id] => JH5YXVZQACKEN
    [receiver_id] => N8AVNBTNAKX4Q
    [item_number] => 
    [payment_status] => Completed
    [payment_fee] => 2.64
    [mc_fee] => 2.64
    [mc_gross] => 60.00
    [custom] => 1
    [charset] => windows-1252
    [notify_version] => 3.9
    [ipn_track_id] => d59a689df20fd
)
stdClass Object
(
    [id] => 1
    [userid] => 3
    [courseids] => 24
    [timecreated] => 1525169556
    [status] => Completed
)
24user:stdClass Object
(
    [id] => 3
    [auth] => manual
    [confirmed] => 1
    [policyagreed] => 0
    [deleted] => 0
    [suspended] => 0
    [mnethostid] => 1
    [username] => sandipa
    [password] => $2y$10$rKOFTsAlF4Pz7Z35L6Q2UeLuC6cR7H7GqZKQ7lT18Sxy9L5mNVv9i
    [idnumber] => 18890
    [firstname] => sandipa
    [lastname] => mukherjee
    [email] => sandipamukherjee1990@gmail.com
    [emailstop] => 0
    [icq] => 
    [skype] => 
    [yahoo] => 
    [aim] => 
    [msn] => 
    [phone1] => 
    [phone2] => 
    [institution] => 
    [department] => 
    [address] => 
    [city] => 
    [country] => IN
    [lang] => en
    [calendartype] => gregorian
    [theme] => 
    [timezone] => 99
    [firstaccess] => 1514911015
    [lastaccess] => 1525198339
    [lastlogin] => 1525180716
    [currentlogin] => 1525194636
    [lastip] => 47.11.213.41
    [secret] => 
    [picture] => 0
    [url] => 
    [description] => 
    [descriptionformat] => 1
    [mailformat] => 1
    [maildigest] => 0
    [maildisplay] => 2
    [autosubscribe] => 1
    [trackforums] => 0
    [timecreated] => 1514911014
    [timemodified] => 1520254705
    [trustbitmask] => 0
    [imagealt] => 
    [lastnamephonetic] => 
    [firstnamephonetic] => 
    [middlename] => 
    [alternatename] => 
)
admin:stdClass Object
(
    [id] => 2
    [auth] => manual
    [confirmed] => 1
    [policyagreed] => 0
    [deleted] => 0
    [suspended] => 0
    [mnethostid] => 1
    [username] => admin
    [password] => $2y$10$mQhMIGJijPC3PV5Us1CEH.6kenQyUTGD3YQEL7Lf65uUWYYm6EHD2
    [idnumber] => 
    [firstname] => Admin
    [lastname] => User
    [email] => fghtfh@gfd.vgbv
    [emailstop] => 0
    [icq] => 
    [skype] => 
    [yahoo] => 
    [aim] => 
    [msn] => 
    [phone1] => 
    [phone2] => 
    [institution] => 
    [department] => 
    [address] => 
    [city] => 
    [country] => 
    [lang] => en
    [calendartype] => gregorian
    [theme] => 
    [timezone] => 99
    [firstaccess] => 1509350305
    [lastaccess] => 1525272995
    [lastlogin] => 1525271978
    [currentlogin] => 1525272221
    [lastip] => 47.11.82.114
    [secret] => 
    [picture] => 0
    [url] => 
    [description] => 
    [descriptionformat] => 1
    [mailformat] => 1
    [maildigest] => 0
    [maildisplay] => 1
    [autosubscribe] => 1
    [trackforums] => 0
    [timecreated] => 0
    [timemodified] => 1509350392
    [trustbitmask] => 0
    [imagealt] => 
    [lastnamephonetic] => 
    [firstnamephonetic] => 
    [middlename] => 
    [alternatename] => 
)
stdClass Object
(
    [id] => 1
    [userid] => 3
    [courseids] => 24
    [timecreated] => 1525273460
    [status] => Completed
)
